[2023-11-07 13:34:38,319] INF: CMJModeManager 진입
[2023-11-07 13:34:38,355] INF: ========================mjs_objectcreator.py CMJObjectCreator 시작==========================
[2023-11-07 13:34:38,564] INF: =============================================== LIt_8(채널1)HF-AM대역폭 시작 ========================================
[2023-11-07 13:34:38,564] INF: --------------------------------------------------------
[2023-11-07 13:34:38,564] INF: Lit_8_(채널1)HF-AM대역폭 점검시작
[2023-11-07 13:34:38,565] INF: ========================mjs_objectcreator.py def getTestObject 시작==========================
[2023-11-07 13:34:38,565] INF: check : 3
[2023-11-07 13:34:38,565] INF: module : 1
[2023-11-07 13:34:38,565] INF: num : 8
[2023-11-07 13:34:38,566] INF: channel : 1
[2023-11-07 13:34:38,566] INF: ============================= mjs_objectcreator getPortable1Object 진입 ==================================
[2023-11-07 13:34:38,566] INF: SystemTest 진입
[2023-11-07 13:34:38,566] INF: 1
[2023-11-07 13:34:38,566] INF: getPortable1Object_module(HF출력 레벨) 진입완료
[2023-11-07 13:34:38,716] INF: getPortable1Object_module(HF출력 레벨) from import 이후
[2023-11-07 13:34:38,716] INF: self.host : 169.254.10.8
[2023-11-07 13:34:38,716] INF: self.port : 50000
[2023-11-07 13:36:46,011] EPT: [LINE:113, exception: [Errno 110] Connection timed out] (FILE:/USER/MJSYSCOKR/TMMR/package_mjs/mjs_tcpclient.py)
[2023-11-07 13:36:46,011] INF: ============================= mjs_objectcreator getPortable1Object 종료 ==================================
[2023-11-07 13:36:46,011] INF: testObject / getPortable1Object<TMMR.tmmr.ATE.mjs_test_bandwidth.CMJTestHFAMBandWidth object at 0xf3cae2cc>
[2023-11-07 13:36:46,012] INF: mjs_common.py sendProtocol 진입
[2023-11-07 13:36:46,012] INF: isinstance(data, int) == True 진입
[2023-11-07 13:36:46,012] INF: protocol : b'\x02\x03\x00P\x00\x00\x00\x10\x00\x00\x00\x00\x00\x00\x00\x00\x00\x00\x00\x00\x00\x00\x00\x00'
[2023-11-07 13:36:46,012] INF: Send Message to Controller(RAW): b"b'\\x02\\x03\\x00P\\x00\\x00\\x00\\x10\\x00\\x00\\x00\\x00\\x00\\x00\\x00\\x00\\x00\\x00\\x00\\x00\\x00\\x00\\x00\\x00'"
[2023-11-07 13:36:46,012] INF: b"b'\\x02\\x03\\x00P\\x00\\x00\\x00\\x10\\x00\\x00\\x00\\x00\\x00\\x00\\x00\\x00\\x00\\x00\\x00\\x00\\x00\\x00\\x00\\x00'"
[2023-11-07 13:36:46,012] INF: response : 0
[2023-11-07 13:36:46,012] INF: state : False
[2023-11-07 13:36:46,012] INF: state else 진입
[2023-11-07 13:36:46,012] INF: CMJTestBaseBandwidth: [5, 7, 0, [-9999, -9999]]
[2023-11-07 13:36:51,505] INF: 02．휴대I형 기능_성능점검,(채널1)HF-AM대역폭,15MHz+4kHz
[2023-11-07 13:36:51,506] EPT: [LINE:244, exception: 0] (FILE:/opt/cx700/autotest/oem/TMMR/휴대I형/src/기능점검_Lit_8_(채널1)HF-AM대역폭.py)
[2023-11-07 14:32:15,051] INF: CMJModeManager 진입
[2023-11-07 14:32:15,052] INF: ========================mjs_objectcreator.py CMJObjectCreator 시작==========================
[2023-11-07 14:32:15,256] INF: =============================================== LIt_8(채널1)HF-AM대역폭 시작 ========================================
[2023-11-07 14:32:15,256] INF: --------------------------------------------------------
[2023-11-07 14:32:15,256] INF: Lit_8_(채널1)HF-AM대역폭 점검시작
[2023-11-07 14:32:15,257] INF: ========================mjs_objectcreator.py def getTestObject 시작==========================
[2023-11-07 14:32:15,257] INF: check : 3
[2023-11-07 14:32:15,257] INF: module : 1
[2023-11-07 14:32:15,257] INF: num : 8
[2023-11-07 14:32:15,257] INF: channel : 1
[2023-11-07 14:32:15,257] INF: ============================= mjs_objectcreator getPortable1Object 진입 ==================================
[2023-11-07 14:32:15,257] INF: SystemTest 진입
[2023-11-07 14:32:15,258] INF: 1
[2023-11-07 14:32:15,258] INF: getPortable1Object_module(HF출력 레벨) 진입완료
[2023-11-07 14:32:15,270] EPT: [LINE:671, exception: No module named 'serial'] (FILE:/USER/MJSYSCOKR/TMMR/mjs_objectcreator.py)
[2023-11-07 14:32:15,270] INF: testObject / getPortable1ObjectNone
[2023-11-07 14:32:15,270] EPT: [LINE:224, exception: 'NoneType' object has no attribute 'doSimulation'] (FILE:/opt/cx700/autotest/oem/TMMR/휴대I형/src/기능점검_Lit_8_(채널1)HF-AM대역폭.py)
[2023-11-07 15:07:45,418] INF: =============================================== LIt_8(채널1)HF-AM대역폭 시작 ========================================
[2023-11-07 15:07:45,418] INF: --------------------------------------------------------
[2023-11-07 15:07:45,418] INF: Lit_8_(채널1)HF-AM대역폭 점검시작
[2023-11-07 15:07:45,420] INF: ========================mjs_objectcreator.py def getTestObject 시작==========================
[2023-11-07 15:07:45,420] INF: check : 3
[2023-11-07 15:07:45,420] INF: module : 1
[2023-11-07 15:07:45,420] INF: num : 8
[2023-11-07 15:07:45,420] INF: channel : 1
[2023-11-07 15:07:45,421] INF: ============================= mjs_objectcreator getPortable1Object 진입 ==================================
[2023-11-07 15:07:45,421] INF: SystemTest 진입
[2023-11-07 15:07:45,421] INF: 1
[2023-11-07 15:07:45,421] INF: getPortable1Object_module(HF출력 레벨) 진입완료
[2023-11-07 15:07:45,425] EPT: [LINE:671, exception: No module named 'serial'] (FILE:/USER/MJSYSCOKR/TMMR/mjs_objectcreator.py)
[2023-11-07 15:07:45,425] INF: testObject / getPortable1ObjectNone
[2023-11-07 15:07:45,426] EPT: [LINE:224, exception: 'NoneType' object has no attribute 'doSimulation'] (FILE:/opt/cx700/autotest/oem/TMMR/휴대I형/src/기능점검_Lit_8_(채널1)HF-AM대역폭.py)
[2023-11-07 18:04:16,244] INF: CMJModeManager 진입
[2023-11-07 18:04:16,248] INF: ========================mjs_objectcreator.py CMJObjectCreator 시작==========================
[2023-11-07 18:04:16,455] INF: =============================================== LIt_8(채널1)HF-AM대역폭 시작 ========================================
[2023-11-07 18:04:16,456] INF: --------------------------------------------------------
[2023-11-07 18:04:16,456] INF: Lit_8_(채널1)HF-AM대역폭 점검시작
[2023-11-07 18:04:16,457] INF: ========================mjs_objectcreator.py def getTestObject 시작==========================
[2023-11-07 18:04:16,457] INF: check : 3
[2023-11-07 18:04:16,457] INF: module : 1
[2023-11-07 18:04:16,457] INF: num : 8
[2023-11-07 18:04:16,457] INF: channel : 1
[2023-11-07 18:04:16,457] INF: ============================= mjs_objectcreator getPortable1Object 진입 ==================================
[2023-11-07 18:04:16,458] INF: SystemTest 진입
[2023-11-07 18:04:16,458] INF: 1
[2023-11-07 18:04:16,458] INF: getPortable1Object_module(HF출력 레벨) 진입완료
[2023-11-07 18:04:16,462] EPT: [LINE:671, exception: No module named 'serial'] (FILE:/USER/MJSYSCOKR/TMMR/mjs_objectcreator.py)
[2023-11-07 18:04:16,462] INF: testObject / getPortable1ObjectNone
[2023-11-07 18:04:16,463] EPT: [LINE:224, exception: 'NoneType' object has no attribute 'doSimulation'] (FILE:/opt/cx700/autotest/oem/TMMR/휴대I형/src/기능점검_Lit_8_(채널1)HF-AM대역폭.py)
[2023-11-08 10:19:08,074] INF: CMJModeManager 진입
[2023-11-08 10:19:08,077] INF: ========================mjs_objectcreator.py CMJObjectCreator 시작==========================
[2023-11-08 10:19:08,283] INF: =============================================== LIt_8(채널1)HF-AM대역폭 시작 ========================================
[2023-11-08 10:19:08,283] INF: --------------------------------------------------------
[2023-11-08 10:19:08,283] INF: Lit_8_(채널1)HF-AM대역폭 점검시작
[2023-11-08 10:19:08,287] INF: ========================mjs_objectcreator.py def getTestObject 시작==========================
[2023-11-08 10:19:08,287] INF: check : 3
[2023-11-08 10:19:08,288] INF: module : 1
[2023-11-08 10:19:08,288] INF: num : 8
[2023-11-08 10:19:08,288] INF: channel : 1
[2023-11-08 10:19:08,289] INF: ============================= mjs_objectcreator getPortable1Object 진입 ==================================
[2023-11-08 10:19:08,289] INF: SystemTest 진입
[2023-11-08 10:19:08,289] INF: 1
[2023-11-08 10:19:08,290] INF: getPortable1Object_module(HF출력 레벨) 진입완료
[2023-11-08 10:19:08,298] EPT: [LINE:671, exception: No module named 'serial'] (FILE:/USER/MJSYSCOKR/TMMR/mjs_objectcreator.py)
[2023-11-08 10:19:08,298] INF: testObject / getPortable1ObjectNone
[2023-11-08 10:19:08,299] EPT: [LINE:224, exception: 'NoneType' object has no attribute 'doSimulation'] (FILE:/opt/cx700/autotest/oem/TMMR/휴대I형/src/기능점검_Lit_8_(채널1)HF-AM대역폭.py)
[2023-11-08 11:49:56,914] INF: =============================================== LIt_8(채널1)HF-AM대역폭 시작 ========================================
[2023-11-08 11:49:56,914] INF: --------------------------------------------------------
[2023-11-08 11:49:56,914] INF: Lit_8_(채널1)HF-AM대역폭 점검시작
[2023-11-08 11:49:56,917] INF: ========================mjs_objectcreator.py def getTestObject 시작==========================
[2023-11-08 11:49:56,918] INF: check : 3
[2023-11-08 11:49:56,918] INF: module : 1
[2023-11-08 11:49:56,918] INF: num : 8
[2023-11-08 11:49:56,919] INF: channel : 1
[2023-11-08 11:49:56,919] INF: ============================= mjs_objectcreator getPortable1Object 진입 ==================================
[2023-11-08 11:49:56,919] INF: SystemTest 진입
[2023-11-08 11:49:56,919] INF: 1
[2023-11-08 11:49:56,920] INF: getPortable1Object_module(HF출력 레벨) 진입완료
[2023-11-08 11:49:56,927] EPT: [LINE:671, exception: No module named 'serial'] (FILE:/USER/MJSYSCOKR/TMMR/mjs_objectcreator.py)
[2023-11-08 11:49:56,928] INF: testObject / getPortable1ObjectNone
[2023-11-08 11:49:56,928] EPT: [LINE:224, exception: 'NoneType' object has no attribute 'doSimulation'] (FILE:/opt/cx700/autotest/oem/TMMR/휴대I형/src/기능점검_Lit_8_(채널1)HF-AM대역폭.py)
[2023-11-08 14:03:35,662] INF: CMJModeManager 진입
[2023-11-08 14:03:35,662] INF: CMJModeManager 진입
[2023-11-08 14:03:35,664] INF: ========================mjs_objectcreator.py CMJObjectCreator 시작==========================
[2023-11-08 14:03:35,664] INF: ========================mjs_objectcreator.py CMJObjectCreator 시작==========================
[2023-11-08 14:03:35,868] INF: =============================================== LIt_8(채널1)HF-AM대역폭 시작 ========================================
[2023-11-08 14:03:35,868] INF: =============================================== LIt_8(채널1)HF-AM대역폭 시작 ========================================
[2023-11-08 14:03:35,869] INF: --------------------------------------------------------
[2023-11-08 14:03:35,869] INF: --------------------------------------------------------
[2023-11-08 14:03:35,869] INF: Lit_8_(채널1)HF-AM대역폭 점검시작
[2023-11-08 14:03:35,869] INF: Lit_8_(채널1)HF-AM대역폭 점검시작
[2023-11-08 14:03:35,869] INF: ========================mjs_objectcreator.py def getTestObject 시작==========================
[2023-11-08 14:03:35,869] INF: ========================mjs_objectcreator.py def getTestObject 시작==========================
[2023-11-08 14:03:35,869] INF: check : 3
[2023-11-08 14:03:35,869] INF: check : 3
[2023-11-08 14:03:35,869] INF: module : 1
[2023-11-08 14:03:35,869] INF: module : 1
[2023-11-08 14:03:35,869] INF: num : 8
[2023-11-08 14:03:35,869] INF: num : 8
[2023-11-08 14:03:35,870] INF: channel : 1
[2023-11-08 14:03:35,870] INF: channel : 1
[2023-11-08 14:03:35,870] INF: ============================= mjs_objectcreator getPortable1Object 진입 ==================================
[2023-11-08 14:03:35,870] INF: ============================= mjs_objectcreator getPortable1Object 진입 ==================================
[2023-11-08 14:03:35,870] INF: SystemTest 진입
[2023-11-08 14:03:35,870] INF: SystemTest 진입
[2023-11-08 14:03:35,870] INF: 1
[2023-11-08 14:03:35,870] INF: 1
[2023-11-08 14:03:35,870] INF: getPortable1Object_module(HF출력 레벨) 진입완료
[2023-11-08 14:03:35,870] INF: getPortable1Object_module(HF출력 레벨) 진입완료
[2023-11-08 14:03:35,872] EPT: [LINE:671, exception: No module named 'serial'] (FILE:/USER/MJSYSCOKR/TMMR/mjs_objectcreator.py)
[2023-11-08 14:03:35,872] EPT: [LINE:671, exception: No module named 'serial'] (FILE:/USER/MJSYSCOKR/TMMR/mjs_objectcreator.py)
[2023-11-08 14:03:35,872] INF: testObject / getPortable1ObjectNone
[2023-11-08 14:03:35,872] INF: testObject / getPortable1ObjectNone
[2023-11-08 14:03:35,872] EPT: [LINE:224, exception: 'NoneType' object has no attribute 'doSimulation'] (FILE:/opt/cx700/autotest/oem/TMMR/휴대I형/src/기능점검_Lit_8_(채널1)HF-AM대역폭.py)
[2023-11-08 14:03:35,872] EPT: [LINE:224, exception: 'NoneType' object has no attribute 'doSimulation'] (FILE:/opt/cx700/autotest/oem/TMMR/휴대I형/src/기능점검_Lit_8_(채널1)HF-AM대역폭.py)
[2023-11-08 14:03:57,320] INF: =============================================== LIt_8(채널1)HF-AM대역폭 시작 ========================================
[2023-11-08 14:03:57,320] INF: =============================================== LIt_8(채널1)HF-AM대역폭 시작 ========================================
[2023-11-08 14:03:57,320] INF: --------------------------------------------------------
[2023-11-08 14:03:57,320] INF: --------------------------------------------------------
[2023-11-08 14:03:57,320] INF: Lit_8_(채널1)HF-AM대역폭 점검시작
[2023-11-08 14:03:57,320] INF: Lit_8_(채널1)HF-AM대역폭 점검시작
[2023-11-08 14:03:57,322] INF: ========================mjs_objectcreator.py def getTestObject 시작==========================
[2023-11-08 14:03:57,322] INF: ========================mjs_objectcreator.py def getTestObject 시작==========================
[2023-11-08 14:03:57,322] INF: check : 3
[2023-11-08 14:03:57,322] INF: check : 3
[2023-11-08 14:03:57,323] INF: module : 1
[2023-11-08 14:03:57,323] INF: module : 1
[2023-11-08 14:03:57,323] INF: num : 8
[2023-11-08 14:03:57,323] INF: num : 8
[2023-11-08 14:03:57,323] INF: channel : 1
[2023-11-08 14:03:57,323] INF: channel : 1
[2023-11-08 14:03:57,323] INF: ============================= mjs_objectcreator getPortable1Object 진입 ==================================
[2023-11-08 14:03:57,323] INF: ============================= mjs_objectcreator getPortable1Object 진입 ==================================
[2023-11-08 14:03:57,324] INF: SystemTest 진입
[2023-11-08 14:03:57,324] INF: SystemTest 진입
[2023-11-08 14:03:57,324] INF: 1
[2023-11-08 14:03:57,324] INF: 1
[2023-11-08 14:03:57,324] INF: getPortable1Object_module(HF출력 레벨) 진입완료
[2023-11-08 14:03:57,324] INF: getPortable1Object_module(HF출력 레벨) 진입완료
[2023-11-08 14:03:57,328] EPT: [LINE:671, exception: No module named 'serial'] (FILE:/USER/MJSYSCOKR/TMMR/mjs_objectcreator.py)
[2023-11-08 14:03:57,328] EPT: [LINE:671, exception: No module named 'serial'] (FILE:/USER/MJSYSCOKR/TMMR/mjs_objectcreator.py)
[2023-11-08 14:03:57,328] INF: testObject / getPortable1ObjectNone
[2023-11-08 14:03:57,328] INF: testObject / getPortable1ObjectNone
[2023-11-08 14:03:57,329] EPT: [LINE:224, exception: 'NoneType' object has no attribute 'doSimulation'] (FILE:/opt/cx700/autotest/oem/TMMR/휴대I형/src/기능점검_Lit_8_(채널1)HF-AM대역폭.py)
[2023-11-08 14:03:57,329] EPT: [LINE:224, exception: 'NoneType' object has no attribute 'doSimulation'] (FILE:/opt/cx700/autotest/oem/TMMR/휴대I형/src/기능점검_Lit_8_(채널1)HF-AM대역폭.py)
[2023-11-08 14:49:09,796] INF: CMJModeManager 진입
[2023-11-08 14:49:09,796] INF: CMJModeManager 진입
[2023-11-08 14:49:09,796] INF: CMJModeManager 진입
[2023-11-08 14:49:09,798] INF: ========================mjs_objectcreator.py CMJObjectCreator 시작==========================
[2023-11-08 14:49:09,798] INF: ========================mjs_objectcreator.py CMJObjectCreator 시작==========================
[2023-11-08 14:49:09,798] INF: ========================mjs_objectcreator.py CMJObjectCreator 시작==========================
[2023-11-08 14:49:10,003] INF: =============================================== LIt_8(채널1)HF-AM대역폭 시작 ========================================
[2023-11-08 14:49:10,003] INF: =============================================== LIt_8(채널1)HF-AM대역폭 시작 ========================================
[2023-11-08 14:49:10,003] INF: =============================================== LIt_8(채널1)HF-AM대역폭 시작 ========================================
[2023-11-08 14:49:10,003] INF: --------------------------------------------------------
[2023-11-08 14:49:10,003] INF: --------------------------------------------------------
[2023-11-08 14:49:10,003] INF: --------------------------------------------------------
[2023-11-08 14:49:10,004] INF: Lit_8_(채널1)HF-AM대역폭 점검시작
[2023-11-08 14:49:10,004] INF: Lit_8_(채널1)HF-AM대역폭 점검시작
[2023-11-08 14:49:10,004] INF: Lit_8_(채널1)HF-AM대역폭 점검시작
[2023-11-08 14:49:10,005] INF: ========================mjs_objectcreator.py def getTestObject 시작==========================
[2023-11-08 14:49:10,005] INF: ========================mjs_objectcreator.py def getTestObject 시작==========================
[2023-11-08 14:49:10,005] INF: ========================mjs_objectcreator.py def getTestObject 시작==========================
[2023-11-08 14:49:10,005] INF: check : 3
[2023-11-08 14:49:10,005] INF: check : 3
[2023-11-08 14:49:10,005] INF: check : 3
[2023-11-08 14:49:10,005] INF: module : 1
[2023-11-08 14:49:10,005] INF: module : 1
[2023-11-08 14:49:10,005] INF: module : 1
[2023-11-08 14:49:10,005] INF: num : 8
[2023-11-08 14:49:10,005] INF: num : 8
[2023-11-08 14:49:10,005] INF: num : 8
[2023-11-08 14:49:10,006] INF: channel : 1
[2023-11-08 14:49:10,006] INF: channel : 1
[2023-11-08 14:49:10,006] INF: channel : 1
[2023-11-08 14:49:10,006] INF: ============================= mjs_objectcreator getPortable1Object 진입 ==================================
[2023-11-08 14:49:10,006] INF: ============================= mjs_objectcreator getPortable1Object 진입 ==================================
[2023-11-08 14:49:10,006] INF: ============================= mjs_objectcreator getPortable1Object 진입 ==================================
[2023-11-08 14:49:10,006] INF: SystemTest 진입
[2023-11-08 14:49:10,006] INF: SystemTest 진입
[2023-11-08 14:49:10,006] INF: SystemTest 진입
[2023-11-08 14:49:10,006] INF: 1
[2023-11-08 14:49:10,006] INF: 1
[2023-11-08 14:49:10,006] INF: 1
[2023-11-08 14:49:10,007] INF: getPortable1Object_module(HF출력 레벨) 진입완료
[2023-11-08 14:49:10,007] INF: getPortable1Object_module(HF출력 레벨) 진입완료
[2023-11-08 14:49:10,007] INF: getPortable1Object_module(HF출력 레벨) 진입완료
[2023-11-08 14:49:10,010] EPT: [LINE:671, exception: No module named 'serial'] (FILE:/USER/MJSYSCOKR/TMMR/mjs_objectcreator.py)
[2023-11-08 14:49:10,010] EPT: [LINE:671, exception: No module named 'serial'] (FILE:/USER/MJSYSCOKR/TMMR/mjs_objectcreator.py)
[2023-11-08 14:49:10,010] EPT: [LINE:671, exception: No module named 'serial'] (FILE:/USER/MJSYSCOKR/TMMR/mjs_objectcreator.py)
[2023-11-08 14:49:10,010] INF: testObject / getPortable1ObjectNone
[2023-11-08 14:49:10,010] INF: testObject / getPortable1ObjectNone
[2023-11-08 14:49:10,010] INF: testObject / getPortable1ObjectNone
[2023-11-08 14:49:10,011] EPT: [LINE:224, exception: 'NoneType' object has no attribute 'doSimulation'] (FILE:/opt/cx700/autotest/oem/TMMR/휴대I형/src/기능점검_Lit_8_(채널1)HF-AM대역폭.py)
[2023-11-08 14:49:10,011] EPT: [LINE:224, exception: 'NoneType' object has no attribute 'doSimulation'] (FILE:/opt/cx700/autotest/oem/TMMR/휴대I형/src/기능점검_Lit_8_(채널1)HF-AM대역폭.py)
[2023-11-08 14:49:10,011] EPT: [LINE:224, exception: 'NoneType' object has no attribute 'doSimulation'] (FILE:/opt/cx700/autotest/oem/TMMR/휴대I형/src/기능점검_Lit_8_(채널1)HF-AM대역폭.py)
[2023-11-08 14:49:10,219] INF: =============================================== LIt_9(채널1)HF-AM수신감도 시작 ========================================
[2023-11-08 14:49:10,219] INF: =============================================== LIt_9(채널1)HF-AM수신감도 시작 ========================================
[2023-11-08 14:49:10,219] INF: =============================================== LIt_9(채널1)HF-AM수신감도 시작 ========================================
[2023-11-08 14:49:10,219] INF: --------------------------------------------------------
[2023-11-08 14:49:10,219] INF: --------------------------------------------------------
[2023-11-08 14:49:10,219] INF: --------------------------------------------------------
[2023-11-08 14:49:10,220] INF: Lit_9_(채널1)HF-AM대역폭 점검시작
[2023-11-08 14:49:10,220] INF: Lit_9_(채널1)HF-AM대역폭 점검시작
[2023-11-08 14:49:10,220] INF: Lit_9_(채널1)HF-AM대역폭 점검시작
[2023-11-08 14:49:10,221] INF: ========================mjs_objectcreator.py def getTestObject 시작==========================
[2023-11-08 14:49:10,221] INF: ========================mjs_objectcreator.py def getTestObject 시작==========================
[2023-11-08 14:49:10,221] INF: ========================mjs_objectcreator.py def getTestObject 시작==========================
[2023-11-08 14:49:10,221] INF: check : 3
[2023-11-08 14:49:10,221] INF: check : 3
[2023-11-08 14:49:10,221] INF: check : 3
[2023-11-08 14:49:10,221] INF: module : 1
[2023-11-08 14:49:10,221] INF: module : 1
[2023-11-08 14:49:10,221] INF: module : 1
[2023-11-08 14:49:10,221] INF: num : 9
[2023-11-08 14:49:10,221] INF: num : 9
[2023-11-08 14:49:10,221] INF: num : 9
[2023-11-08 14:49:10,222] INF: channel : 1
[2023-11-08 14:49:10,222] INF: channel : 1
[2023-11-08 14:49:10,222] INF: channel : 1
[2023-11-08 14:49:10,222] INF: ============================= mjs_objectcreator getPortable1Object 진입 ==================================
[2023-11-08 14:49:10,222] INF: ============================= mjs_objectcreator getPortable1Object 진입 ==================================
[2023-11-08 14:49:10,222] INF: ============================= mjs_objectcreator getPortable1Object 진입 ==================================
[2023-11-08 14:49:10,222] INF: SystemTest 진입
[2023-11-08 14:49:10,222] INF: SystemTest 진입
[2023-11-08 14:49:10,222] INF: SystemTest 진입
[2023-11-08 14:49:10,222] INF: 1
[2023-11-08 14:49:10,222] INF: 1
[2023-11-08 14:49:10,222] INF: 1
[2023-11-08 14:49:10,222] INF: getPortable1Object_module(HF출력 레벨) 진입완료
[2023-11-08 14:49:10,222] INF: getPortable1Object_module(HF출력 레벨) 진입완료
[2023-11-08 14:49:10,222] INF: getPortable1Object_module(HF출력 레벨) 진입완료
[2023-11-08 14:49:10,328] EPT: [LINE:676, exception: No module named 'mjs_logger'] (FILE:/USER/MJSYSCOKR/TMMR/mjs_objectcreator.py)
[2023-11-08 14:49:10,328] EPT: [LINE:676, exception: No module named 'mjs_logger'] (FILE:/USER/MJSYSCOKR/TMMR/mjs_objectcreator.py)
[2023-11-08 14:49:10,328] EPT: [LINE:676, exception: No module named 'mjs_logger'] (FILE:/USER/MJSYSCOKR/TMMR/mjs_objectcreator.py)
[2023-11-08 14:49:10,329] INF: testObject / getPortable1ObjectNone
[2023-11-08 14:49:10,329] INF: testObject / getPortable1ObjectNone
[2023-11-08 14:49:10,329] INF: testObject / getPortable1ObjectNone
[2023-11-08 14:49:10,329] EPT: [LINE:178, exception: 'NoneType' object has no attribute 'doSimulation'] (FILE:/opt/cx700/autotest/oem/TMMR/휴대I형/src/기능점검_Lit_9_(채널1)HF-AM수신감도.py)
[2023-11-08 14:49:10,329] EPT: [LINE:178, exception: 'NoneType' object has no attribute 'doSimulation'] (FILE:/opt/cx700/autotest/oem/TMMR/휴대I형/src/기능점검_Lit_9_(채널1)HF-AM수신감도.py)
[2023-11-08 14:49:10,329] EPT: [LINE:178, exception: 'NoneType' object has no attribute 'doSimulation'] (FILE:/opt/cx700/autotest/oem/TMMR/휴대I형/src/기능점검_Lit_9_(채널1)HF-AM수신감도.py)
[2023-11-08 14:55:34,519] INF: CMJModeManager 진입
[2023-11-08 14:55:34,521] INF: ========================mjs_objectcreator.py CMJObjectCreator 시작==========================
[2023-11-08 14:55:34,724] INF: =============================================== LIt_8(채널1)HF-AM대역폭 시작 ========================================
[2023-11-08 14:55:34,725] INF: --------------------------------------------------------
[2023-11-08 14:55:34,725] INF: Lit_8_(채널1)HF-AM대역폭 점검시작
[2023-11-08 14:55:34,726] INF: ========================mjs_objectcreator.py def getTestObject 시작==========================
[2023-11-08 14:55:34,726] INF: check : 3
[2023-11-08 14:55:34,727] INF: module : 1
[2023-11-08 14:55:34,727] INF: num : 8
[2023-11-08 14:55:34,727] INF: channel : 1
[2023-11-08 14:55:34,727] INF: ============================= mjs_objectcreator getPortable1Object 진입 ==================================
[2023-11-08 14:55:34,727] INF: SystemTest 진입
[2023-11-08 14:55:34,728] INF: 1
[2023-11-08 14:55:34,728] INF: getPortable1Object_module(HF출력 레벨) 진입완료
[2023-11-08 14:55:34,733] EPT: [LINE:671, exception: No module named 'serial'] (FILE:/USER/MJSYSCOKR/TMMR/mjs_objectcreator.py)
[2023-11-08 14:55:34,734] INF: testObject / getPortable1ObjectNone
[2023-11-08 14:55:34,734] EPT: [LINE:224, exception: 'NoneType' object has no attribute 'doSimulation'] (FILE:/opt/cx700/autotest/oem/TMMR/휴대I형/src/기능점검_Lit_8_(채널1)HF-AM대역폭.py)
[2023-11-08 14:55:34,941] INF: =============================================== LIt_9(채널1)HF-AM수신감도 시작 ========================================
[2023-11-08 14:55:34,941] INF: --------------------------------------------------------
[2023-11-08 14:55:34,941] INF: Lit_9_(채널1)HF-AM대역폭 점검시작
[2023-11-08 14:55:34,943] INF: ========================mjs_objectcreator.py def getTestObject 시작==========================
[2023-11-08 14:55:34,943] INF: check : 3
[2023-11-08 14:55:34,943] INF: module : 1
[2023-11-08 14:55:34,944] INF: num : 9
[2023-11-08 14:55:34,944] INF: channel : 1
[2023-11-08 14:55:34,944] INF: ============================= mjs_objectcreator getPortable1Object 진입 ==================================
[2023-11-08 14:55:34,944] INF: SystemTest 진입
[2023-11-08 14:55:34,944] INF: 1
[2023-11-08 14:55:34,944] INF: getPortable1Object_module(HF출력 레벨) 진입완료
[2023-11-08 14:55:35,069] EPT: [LINE:676, exception: No module named 'mjs_logger'] (FILE:/USER/MJSYSCOKR/TMMR/mjs_objectcreator.py)
[2023-11-08 14:55:35,069] INF: testObject / getPortable1ObjectNone
[2023-11-08 14:55:35,069] EPT: [LINE:178, exception: 'NoneType' object has no attribute 'doSimulation'] (FILE:/opt/cx700/autotest/oem/TMMR/휴대I형/src/기능점검_Lit_9_(채널1)HF-AM수신감도.py)
[2023-11-08 17:23:18,304] INF: CMJModeManager 진입
[2023-11-08 17:23:18,305] INF: ========================mjs_objectcreator.py CMJObjectCreator 시작==========================
[2023-11-08 17:23:18,508] INF: =============================================== LIt_8(채널1)HF-AM대역폭 시작 ========================================
[2023-11-08 17:23:18,509] INF: --------------------------------------------------------
[2023-11-08 17:23:18,509] INF: Lit_8_(채널1)HF-AM대역폭 점검시작
[2023-11-08 17:23:18,510] INF: ========================mjs_objectcreator.py def getTestObject 시작==========================
[2023-11-08 17:23:18,510] INF: check : 3
[2023-11-08 17:23:18,510] INF: module : 1
[2023-11-08 17:23:18,510] INF: num : 8
[2023-11-08 17:23:18,510] INF: channel : 1
[2023-11-08 17:23:18,510] INF: ============================= mjs_objectcreator getPortable1Object 진입 ==================================
[2023-11-08 17:23:18,510] INF: SystemTest 진입
[2023-11-08 17:23:18,511] INF: 1
[2023-11-08 17:23:18,511] INF: getPortable1Object_module(HF출력 레벨) 진입완료
[2023-11-08 17:23:18,514] EPT: [LINE:671, exception: No module named 'serial'] (FILE:/USER/MJSYSCOKR/TMMR/mjs_objectcreator.py)
[2023-11-08 17:23:18,514] INF: testObject / getPortable1ObjectNone
[2023-11-08 17:23:18,514] EPT: [LINE:224, exception: 'NoneType' object has no attribute 'doSimulation'] (FILE:/opt/cx700/autotest/oem/TMMR/휴대I형/src/기능점검_Lit_8_(채널1)HF-AM대역폭.py)
[2023-11-08 17:23:18,720] INF: =============================================== LIt_9(채널1)HF-AM수신감도 시작 ========================================
[2023-11-08 17:23:18,720] INF: --------------------------------------------------------
[2023-11-08 17:23:18,720] INF: Lit_9_(채널1)HF-AM대역폭 점검시작
[2023-11-08 17:23:18,721] INF: ========================mjs_objectcreator.py def getTestObject 시작==========================
[2023-11-08 17:23:18,721] INF: check : 3
[2023-11-08 17:23:18,721] INF: module : 1
[2023-11-08 17:23:18,721] INF: num : 9
[2023-11-08 17:23:18,721] INF: channel : 1
[2023-11-08 17:23:18,721] INF: ============================= mjs_objectcreator getPortable1Object 진입 ==================================
[2023-11-08 17:23:18,721] INF: SystemTest 진입
[2023-11-08 17:23:18,721] INF: 1
[2023-11-08 17:23:18,721] INF: getPortable1Object_module(HF출력 레벨) 진입완료
[2023-11-08 17:23:18,817] EPT: [LINE:676, exception: No module named 'mjs_logger'] (FILE:/USER/MJSYSCOKR/TMMR/mjs_objectcreator.py)
[2023-11-08 17:23:18,818] INF: testObject / getPortable1ObjectNone
[2023-11-08 17:23:18,818] EPT: [LINE:178, exception: 'NoneType' object has no attribute 'doSimulation'] (FILE:/opt/cx700/autotest/oem/TMMR/휴대I형/src/기능점검_Lit_9_(채널1)HF-AM수신감도.py)
